[15:18:33] [main/WARN]: Ambiguity between arguments [teleport, destination] and [teleport, targets] with inputs: [Player, 0123, @e, dd12be42-52a9-4a91-a8a1-11c01849e498]
[15:18:33] [main/WARN]: Ambiguity between arguments [teleport, location] and [teleport, destination] with inputs: [0.1 -0.5 .9, 0 0 0]
[15:18:33] [main/WARN]: Ambiguity between arguments [teleport, location] and [teleport, targets] with inputs: [0.1 -0.5 .9, 0 0 0]
[15:18:33] [main/WARN]: Ambiguity between arguments [teleport, targets] and [teleport, destination] with inputs: [Player, 0123, dd12be42-52a9-4a91-a8a1-11c01849e498]
[15:18:33] [main/WARN]: Ambiguity between arguments [teleport, targets, location] and [teleport, targets, destination] with inputs: [0.1 -0.5 .9, 0 0 0]
[15:18:33] [main/INFO]: Loaded 0 recipes
[15:18:33] [main/INFO]: Loaded 0 advancements
[15:18:33] [Server thread/INFO]: Starting minecraft server version 1.13.2
[15:18:33] [Server thread/WARN]: To start the server with more ram, launch it as "java -Xmx1024M -Xms1024M -jar minecraft_server.jar"
[15:18:33] [Server thread/INFO]: Loading properties
[15:18:33] [Server thread/INFO]: Default game type: SURVIVAL
[15:18:33] [Server thread/INFO]: Generating keypair
[15:18:33] [Server thread/INFO]: Starting Minecraft server on *:25565
[15:18:33] [Server thread/INFO]: Using default channel type
[15:18:34] [Server thread/INFO]: Preparing level "world"
[15:18:34] [Server thread/INFO]: Reloading ResourceManager: Default
[15:18:34] [Server thread/INFO]: Loaded 524 recipes
[15:18:35] [Server thread/INFO]: Loaded 571 advancements
[15:18:36] [Server thread/INFO]: Preparing start region for dimension minecraft:overworld
[15:18:36] [Server thread/INFO]: Preparing spawn area: 4%
[15:18:36] [Server thread/INFO]: Preparing spawn area: 8%
[15:18:36] [Server thread/INFO]: Preparing spawn area: 12%
[15:18:36] [Server thread/INFO]: Preparing spawn area: 16%
[15:18:36] [Server thread/INFO]: Preparing spawn area: 20%
[15:18:37] [Server thread/INFO]: Preparing spawn area: 24%
[15:18:37] [Server thread/INFO]: Preparing spawn area: 28%
[15:18:37] [Server thread/INFO]: Preparing spawn area: 32%
[15:18:37] [Server thread/INFO]: Preparing spawn area: 36%
[15:18:37] [Server thread/INFO]: Preparing spawn area: 40%
[15:18:37] [Server thread/INFO]: Preparing spawn area: 44%
[15:18:37] [Server thread/INFO]: Preparing spawn area: 48%
[15:18:38] [Server thread/INFO]: Preparing spawn area: 52%
[15:18:38] [Server thread/INFO]: Preparing spawn area: 56%
[15:18:38] [Server thread/INFO]: Preparing spawn area: 60%
[15:18:38] [Server thread/INFO]: Preparing spawn area: 64%
[15:18:38] [Server thread/INFO]: Preparing spawn area: 68%
[15:18:38] [Server thread/INFO]: Preparing spawn area: 72%
[15:18:38] [Server thread/INFO]: Preparing spawn area: 76%
[15:18:38] [Server thread/INFO]: Preparing spawn area: 80%
[15:18:40] [Server thread/INFO]: Preparing spawn area: 84%
[15:18:40] [Server thread/INFO]: Preparing spawn area: 88%
[15:18:40] [Server thread/INFO]: Preparing spawn area: 92%
[15:18:40] [Server thread/INFO]: Preparing spawn area: 96%
[15:18:41] [Server thread/INFO]: Preparing spawn area: 100%
[15:18:41] [Server thread/INFO]: Time elapsed: 5002 ms
[15:18:41] [Server thread/INFO]: Done (7.073s)! For help, type "help"
[15:19:15] [Server thread/INFO]: Unknown command
[15:19:15] [Server thread/INFO]: java -Xms512M -Xmx1G<--[HERE]
[15:20:09] [Server thread/INFO]: Unknown command
[15:20:09] [Server thread/INFO]: [A[A[A[B[B[Bjava -Xms512M -Xmx1G -d64<--[HERE]
[15:24:34] [Server thread/INFO]: Made zomar539 a server operator
[15:47:45] [User Authenticator #1/INFO]: UUID of player zomar539 is 22bc414d-1b23-4e82-91e5-b4a022167297
[15:47:45] [Server thread/INFO]: zomar539[/192.168.1.2:61511] logged in with entity id 200 at (123.5, 65.0, -240.5)
[15:47:45] [Server thread/INFO]: zomar539 joined the game
[15:48:36] [Server thread/INFO]: [zomar539: Set own game mode to Creative Mode]
[15:48:46] [Server thread/INFO]: [zomar539: Set the time to 1000]
[15:53:02] [Server thread/INFO]: <zomar539> ema
[15:53:23] [Server thread/INFO]: <zomar539> your mom big gay
[15:53:46] [Server thread/INFO]: <zomar539> your mom huge gay
[15:55:03] [Server thread/INFO]: zomar539 lost connection: Disconnected
[15:55:03] [Server thread/INFO]: zomar539 left the game
[16:13:46] [Server Shutdown Thread/INFO]: Stopping server
[16:13:46] [Server Shutdown Thread/INFO]: Saving players
[16:13:46] [Server Shutdown Thread/INFO]: Saving worlds
[16:13:46] [Server Shutdown Thread/INFO]: Saving chunks for level 'world'/minecraft:the_nether
[16:13:46] [Server Shutdown Thread/INFO]: Saving chunks for level 'world'/minecraft:the_end
[16:13:46] [Server Shutdown Thread/INFO]: Saving chunks for level 'world'/minecraft:overworld
